<?xml version="1.0" encoding="UTF-8"?>
<!-- Generated by org.testng.reporters.JUnitReportReporter -->
<testsuite hostname="MOB81221" name="maven.test.DemoTest" tests="3" failures="0" timestamp="26 Dec 2017 09:09:19 GMT" time="0.013" errors="0">
  <testcase name="testB" time="0.001" classname="maven.test.DemoTest"/>
  <testcase name="testA" time="0.011" classname="maven.test.DemoTest"/>
  <testcase name="testC" time="0.001" classname="maven.test.DemoTest"/>
</testsuite> <!-- maven.test.DemoTest -->
