<?xml version="1.0" encoding="UTF-8"?>
<!-- Generated by org.testng.reporters.JUnitReportReporter -->
<testsuite hostname="MOB81221" name="maven.test.TestNGTest" tests="1" failures="0" timestamp="26 Dec 2017 09:09:19 GMT" time="0.004" errors="0">
  <testcase name="f2" time="0.004" classname="maven.test.TestNGTest"/>
</testsuite> <!-- maven.test.TestNGTest -->
